This file contains any messages produced by compilers while
running configure, to aid debugging if configure makes a mistake.

It was created by libpusb configure 0.1, which was
generated by GNU Autoconf 2.52.  Invocation command line was

  $ ./configure 

## ---------- ##
## Platform.  ##
## ---------- ##

hostname = sourcemage.starwars.uv
uname -m = i386
uname -r = 3.3
uname -s = OpenBSD
uname -v = GENERIC#44

/usr/bin/uname -p = Intel Pentium III (Tualatin) ("GenuineIntel" 686-class)
/bin/uname -X     = unknown

/bin/arch              = unknown
/usr/bin/arch -k       = OpenBSD.i386
/usr/convex/getsysinfo = unknown
hostinfo               = unknown
/bin/machine           = unknown
/usr/bin/oslevel       = unknown
/bin/universe          = unknown

PATH = /sbin:/usr/sbin:/bin:/usr/bin:/usr/local/bin:/usr/local/sbin

## ------------ ##
## Core tests.  ##
## ------------ ##

configure:921: PATH=".;."; conftest.sh
./configure[929]: conftest.sh: not found
configure:924: $? = 127
configure:976: checking for gcc
configure:991: found /usr/bin/gcc
configure:999: result: gcc
configure:1227: checking for C compiler version
configure:1230: gcc --version </dev/null >&5
2.95.3
configure:1233: $? = 0
configure:1235: gcc -v </dev/null >&5
Reading specs from /usr/lib/gcc-lib/i386-unknown-openbsd3.3/2.95.3/specs
gcc version 2.95.3 20010125 (prerelease, propolice)
configure:1238: $? = 0
configure:1240: gcc -V </dev/null >&5
gcc: argument to `-V' is missing
configure:1243: $? = 1
configure:1263: checking for C compiler default output
configure:1266: gcc    conftest.c  >&5
configure:1269: $? = 0
configure:1298: result: a.out
configure:1303: checking whether the C compiler works
configure:1309: ./a.out
configure:1312: $? = 0
configure:1327: result: yes
configure:1334: checking whether we are cross compiling
configure:1336: result: no
configure:1339: checking for executable suffix
configure:1341: gcc -o conftest    conftest.c  >&5
configure:1344: $? = 0
configure:1366: result: 
configure:1372: checking for object suffix
configure:1390: gcc -c   conftest.c >&5
configure:1393: $? = 0
configure:1412: result: o
configure:1416: checking whether we are using the GNU C compiler
configure:1437: gcc -c   conftest.c >&5
configure:1440: $? = 0
configure:1443: test -s conftest.o
configure:1446: $? = 0
configure:1458: result: yes
configure:1464: checking whether gcc accepts -g
configure:1482: gcc -c -g  conftest.c >&5
configure:1485: $? = 0
configure:1488: test -s conftest.o
configure:1491: $? = 0
configure:1501: result: yes
configure:1528: gcc -c -g -O2  conftest.c >&5
conftest.c:2: syntax error before `me'
configure:1531: $? = 1
configure: failed program was:
#ifndef __cplusplus
  choke me
#endif
configure:1634: checking how to run the C preprocessor
configure:1660: gcc -E  conftest.c
configure:1666: $? = 0
configure:1693: gcc -E  conftest.c
configure:1690: ac_nonexistent.h: No such file or directory
configure:1699: $? = 1
configure: failed program was:
#line 1689 "configure"
#include "confdefs.h"
#include <ac_nonexistent.h>
configure:1736: result: gcc -E
configure:1751: gcc -E  conftest.c
configure:1757: $? = 0
configure:1784: gcc -E  conftest.c
configure:1781: ac_nonexistent.h: No such file or directory
configure:1790: $? = 1
configure: failed program was:
#line 1780 "configure"
#include "confdefs.h"
#include <ac_nonexistent.h>
configure:1883: checking for pusb.h
configure:1893: gcc -E  -I/usr/local/include conftest.c
configure:1899: $? = 0
configure:1918: result: yes
configure:1930: checking for pusb_endpoint_open in -lpusb
configure:1957: gcc -o conftest -g -O2 -I/usr/local/include  -I/usr/local/include  conftest.c -lpusb   -L/usr/local/lib -lpusb >&5
configure:1960: $? = 0
configure:1963: test -s conftest
configure:1966: $? = 0
configure:1977: result: yes
configure:2109: creating ./config.status

## ----------------------- ##
## Running config.status.  ##
## ----------------------- ##

This file was extended by config.status (libpusb 0.1) 2.52, executed with
  CONFIG_FILES    = 
  CONFIG_HEADERS  = 
  CONFIG_LINKS    = 
  CONFIG_COMMANDS = 
  > ./config.status 
on sourcemage.starwars.uv

config.status:2530: creating Makefile

## ----------------- ##
## Cache variables.  ##
## ----------------- ##

ac_cv_c_compiler_gnu=yes
ac_cv_env_CC_set=
ac_cv_env_CC_value=
ac_cv_env_CFLAGS_set=
ac_cv_env_CFLAGS_value=
ac_cv_env_CPPFLAGS_set=
ac_cv_env_CPPFLAGS_value=
ac_cv_env_CPP_set=
ac_cv_env_CPP_value=
ac_cv_env_LDFLAGS_set=
ac_cv_env_LDFLAGS_value=
ac_cv_env_build_alias_set=
ac_cv_env_build_alias_value=
ac_cv_env_host_alias_set=
ac_cv_env_host_alias_value=
ac_cv_env_target_alias_set=
ac_cv_env_target_alias_value=
ac_cv_header_pusb_h=yes
ac_cv_lib_pusb_pusb_endpoint_open=yes
ac_cv_objext=o
ac_cv_prog_CPP='gcc -E'
ac_cv_prog_ac_ct_CC=gcc
ac_cv_prog_cc_g=yes

## ------------ ##
## confdefs.h.  ##
## ------------ ##

#define HAVE_LIBPUSB 1


configure: exit 0
