This file contains any messages produced by compilers while
running configure, to aid debugging if configure makes a mistake.

It was created by eciadsl-usermode configure 0.10, which was
generated by GNU Autoconf 2.53.  Invocation command line was

  $ ./configure 

## --------- ##
## Platform. ##
## --------- ##

hostname = racoon.local.net
uname -m = i386
uname -r = 5.4-RC3
uname -s = FreeBSD
uname -v = FreeBSD 5.4-RC3 #0: Sun Apr 17 09:23:46 UTC 2005     root@harlow.cse.buffalo.edu:/usr/obj/usr/src/sys/GENERIC 

/usr/bin/uname -p = i386
/bin/uname -X     = unknown

/bin/arch              = unknown
/usr/bin/arch -k       = unknown
/usr/convex/getsysinfo = unknown
hostinfo               = unknown
/bin/machine           = unknown
/usr/bin/oslevel       = unknown
/bin/universe          = unknown

PATH: /sbin
PATH: /bin
PATH: /usr/sbin
PATH: /usr/bin
PATH: /usr/games
PATH: /usr/local/sbin
PATH: /usr/local/bin
PATH: /usr/X11R6/bin
PATH: /home/nuno/bin


## ----------- ##
## Core tests. ##
## ----------- ##

configure:1208: checking for gawk
configure:1237: result: no
configure:1208: checking for mawk
configure:1237: result: no
configure:1208: checking for nawk
configure:1224: found /usr/bin/nawk
configure:1234: result: nawk
configure:1290: checking for gcc
configure:1306: found /usr/bin/gcc
configure:1316: result: gcc
configure:1560: checking for C compiler version
configure:1563: gcc --version </dev/null >&5
gcc (GCC) 3.4.2 [FreeBSD] 20040728
Copyright (C) 2004 Free Software Foundation, Inc.
This is free software; see the source for copying conditions.  There is NO
warranty; not even for MERCHANTABILITY or FITNESS FOR A PARTICULAR PURPOSE.

configure:1566: $? = 0
configure:1568: gcc -v </dev/null >&5
Using built-in specs.
Configured with: FreeBSD/i386 system compiler
Thread model: posix
gcc version 3.4.2 [FreeBSD] 20040728
configure:1571: $? = 0
configure:1573: gcc -V </dev/null >&5
gcc: `-V' option must have argument
configure:1576: $? = 1
configure:1602: checking for C compiler default output
configure:1605: gcc    conftest.c  >&5
configure:1608: $? = 0
configure:1641: result: a.out
configure:1646: checking whether the C compiler works
configure:1652: ./a.out
configure:1655: $? = 0
configure:1670: result: yes
configure:1677: checking whether we are cross compiling
configure:1679: result: no
configure:1682: checking for suffix of executables
configure:1684: gcc -o conftest    conftest.c  >&5
configure:1687: $? = 0
configure:1709: result: 
configure:1715: checking for suffix of object files
configure:1739: gcc -c   conftest.c >&5
configure:1742: $? = 0
configure:1761: result: o
configure:1765: checking whether we are using the GNU C compiler
configure:1792: gcc -c   conftest.c >&5
configure:1795: $? = 0
configure:1798: test -s conftest.o
configure:1801: $? = 0
configure:1813: result: yes
configure:1819: checking whether gcc accepts -g
configure:1843: gcc -c -g  conftest.c >&5
configure:1846: $? = 0
configure:1849: test -s conftest.o
configure:1852: $? = 0
configure:1862: result: yes
configure:1889: gcc -c -g -O2  conftest.c >&5
conftest.c:2: error: syntax error before "me"
configure:1892: $? = 1
configure: failed program was:
#ifndef __cplusplus
  choke me
#endif
configure:2002: checking whether make sets ${MAKE}
configure:2022: result: yes
configure:2039: checking how to run the C preprocessor
configure:2065: gcc -E  conftest.c
configure:2071: $? = 0
configure:2098: gcc -E  conftest.c
configure:2094:28: ac_nonexistent.h: No such file or directory
configure:2104: $? = 1
configure: failed program was:
#line 2093 "configure"
#include "confdefs.h"
#include <ac_nonexistent.h>
configure:2141: result: gcc -E
configure:2156: gcc -E  conftest.c
configure:2162: $? = 0
configure:2189: gcc -E  conftest.c
configure:2185:28: ac_nonexistent.h: No such file or directory
configure:2195: $? = 1
configure: failed program was:
#line 2184 "configure"
#include "confdefs.h"
#include <ac_nonexistent.h>
configure:2235: checking for ANSI C header files
configure:2249: gcc -E  conftest.c
configure:2255: $? = 0
configure:2342: gcc -o conftest -g -O2   conftest.c  >&5
configure:2345: $? = 0
configure:2347: ./conftest
configure:2350: $? = 0
configure:2364: result: yes
configure:2388: checking for sys/types.h
configure:2401: gcc -c -g -O2  conftest.c >&5
configure:2404: $? = 0
configure:2407: test -s conftest.o
configure:2410: $? = 0
configure:2420: result: yes
configure:2388: checking for sys/stat.h
configure:2401: gcc -c -g -O2  conftest.c >&5
configure:2404: $? = 0
configure:2407: test -s conftest.o
configure:2410: $? = 0
configure:2420: result: yes
configure:2388: checking for stdlib.h
configure:2401: gcc -c -g -O2  conftest.c >&5
configure:2404: $? = 0
configure:2407: test -s conftest.o
configure:2410: $? = 0
configure:2420: result: yes
configure:2388: checking for string.h
configure:2401: gcc -c -g -O2  conftest.c >&5
configure:2404: $? = 0
configure:2407: test -s conftest.o
configure:2410: $? = 0
configure:2420: result: yes
configure:2388: checking for memory.h
configure:2401: gcc -c -g -O2  conftest.c >&5
configure:2404: $? = 0
configure:2407: test -s conftest.o
configure:2410: $? = 0
configure:2420: result: yes
configure:2388: checking for strings.h
configure:2401: gcc -c -g -O2  conftest.c >&5
configure:2404: $? = 0
configure:2407: test -s conftest.o
configure:2410: $? = 0
configure:2420: result: yes
configure:2388: checking for inttypes.h
configure:2401: gcc -c -g -O2  conftest.c >&5
configure:2404: $? = 0
configure:2407: test -s conftest.o
configure:2410: $? = 0
configure:2420: result: yes
configure:2388: checking for stdint.h
configure:2401: gcc -c -g -O2  conftest.c >&5
configure:2404: $? = 0
configure:2407: test -s conftest.o
configure:2410: $? = 0
configure:2420: result: yes
configure:2388: checking for unistd.h
configure:2401: gcc -c -g -O2  conftest.c >&5
configure:2404: $? = 0
configure:2407: test -s conftest.o
configure:2410: $? = 0
configure:2420: result: yes
configure:2498: checking pusb.h usability
configure:2507: gcc -c -g -O2 -I/usr/local/include  -I/usr/local/include conftest.c >&5
configure:2510: $? = 0
configure:2513: test -s conftest.o
configure:2516: $? = 0
configure:2525: result: yes
configure:2529: checking pusb.h presence
configure:2536: gcc -E  -I/usr/local/include conftest.c
configure:2542: $? = 0
configure:2560: result: yes
configure:2578: checking for pusb.h
configure:2585: result: yes
configure:2601: checking for pusb_endpoint_open in -lpusb
configure:2634: gcc -o conftest -g -O2 -I/usr/local/include  -I/usr/local/include  conftest.c -lpusb   -L/usr/local/lib -lpusb >&5
configure:2637: $? = 0
configure:2640: test -s conftest
configure:2643: $? = 0
configure:2654: result: yes
configure:2686: checking for dirent.h that defines DIR
configure:2713: gcc -c -g -O2  conftest.c >&5
configure:2716: $? = 0
configure:2719: test -s conftest.o
configure:2722: $? = 0
configure:2732: result: yes
configure:2745: checking for library containing opendir
configure:2778: gcc -o conftest -g -O2   conftest.c  >&5
configure:2781: $? = 0
configure:2784: test -s conftest
configure:2787: $? = 0
configure:2846: result: none required
configure:2964: checking for ANSI C header files
configure:3093: result: yes
configure:3103: checking for sys/wait.h that is POSIX.1 compatible
configure:3137: gcc -c -g -O2  conftest.c >&5
configure:3140: $? = 0
configure:3143: test -s conftest.o
configure:3146: $? = 0
configure:3156: result: yes
configure:3188: checking fcntl.h usability
configure:3197: gcc -c -g -O2  conftest.c >&5
configure:3200: $? = 0
configure:3203: test -s conftest.o
configure:3206: $? = 0
configure:3215: result: yes
configure:3219: checking fcntl.h presence
configure:3226: gcc -E  conftest.c
configure:3232: $? = 0
configure:3250: result: yes
configure:3268: checking for fcntl.h
configure:3275: result: yes
configure:3188: checking limits.h usability
configure:3197: gcc -c -g -O2  conftest.c >&5
configure:3200: $? = 0
configure:3203: test -s conftest.o
configure:3206: $? = 0
configure:3215: result: yes
configure:3219: checking limits.h presence
configure:3226: gcc -E  conftest.c
configure:3232: $? = 0
configure:3250: result: yes
configure:3268: checking for limits.h
configure:3275: result: yes
configure:3179: checking for stdlib.h
configure:3184: result: yes
configure:3179: checking for string.h
configure:3184: result: yes
configure:3188: checking sys/ioctl.h usability
configure:3197: gcc -c -g -O2  conftest.c >&5
configure:3200: $? = 0
configure:3203: test -s conftest.o
configure:3206: $? = 0
configure:3215: result: yes
configure:3219: checking sys/ioctl.h presence
configure:3226: gcc -E  conftest.c
configure:3232: $? = 0
configure:3250: result: yes
configure:3268: checking for sys/ioctl.h
configure:3275: result: yes
configure:3188: checking sys/socket.h usability
configure:3197: gcc -c -g -O2  conftest.c >&5
configure:3200: $? = 0
configure:3203: test -s conftest.o
configure:3206: $? = 0
configure:3215: result: yes
configure:3219: checking sys/socket.h presence
configure:3226: gcc -E  conftest.c
configure:3232: $? = 0
configure:3250: result: yes
configure:3268: checking for sys/socket.h
configure:3275: result: yes
configure:3188: checking sys/time.h usability
configure:3197: gcc -c -g -O2  conftest.c >&5
configure:3200: $? = 0
configure:3203: test -s conftest.o
configure:3206: $? = 0
configure:3215: result: yes
configure:3219: checking sys/time.h presence
configure:3226: gcc -E  conftest.c
configure:3232: $? = 0
configure:3250: result: yes
configure:3268: checking for sys/time.h
configure:3275: result: yes
configure:3188: checking termios.h usability
configure:3197: gcc -c -g -O2  conftest.c >&5
configure:3200: $? = 0
configure:3203: test -s conftest.o
configure:3206: $? = 0
configure:3215: result: yes
configure:3219: checking termios.h presence
configure:3226: gcc -E  conftest.c
configure:3232: $? = 0
configure:3250: result: yes
configure:3268: checking for termios.h
configure:3275: result: yes
configure:3179: checking for unistd.h
configure:3184: result: yes
configure:3290: checking for gcc option to accept ANSI C
configure:3353: gcc  -c -g -O2  conftest.c >&5
configure:3356: $? = 0
configure:3359: test -s conftest.o
configure:3362: $? = 0
configure:3379: result: none needed
configure:3387: checking for an ANSI C-conforming const
configure:3457: gcc -c -g -O2  conftest.c >&5
configure:3460: $? = 0
configure:3463: test -s conftest.o
configure:3466: $? = 0
configure:3476: result: yes
configure:3486: checking for pid_t
configure:3513: gcc -c -g -O2  conftest.c >&5
configure:3516: $? = 0
configure:3519: test -s conftest.o
configure:3522: $? = 0
configure:3532: result: yes
configure:3544: checking for size_t
configure:3571: gcc -c -g -O2  conftest.c >&5
configure:3574: $? = 0
configure:3577: test -s conftest.o
configure:3580: $? = 0
configure:3590: result: yes
configure:3602: checking whether time.h and sys/time.h may both be included
configure:3630: gcc -c -g -O2  conftest.c >&5
configure:3633: $? = 0
configure:3636: test -s conftest.o
configure:3639: $? = 0
configure:3649: result: yes
configure:3667: checking for unistd.h
configure:3672: result: yes
configure:3676: checking vfork.h usability
configure:3685: gcc -c -g -O2  conftest.c >&5
configure:3713:19: vfork.h: No such file or directory
configure:3688: $? = 1
configure: failed program was:
#line 3678 "configure"
#include "confdefs.h"
#include <stdio.h>
#if HAVE_SYS_TYPES_H
# include <sys/types.h>
#endif
#if HAVE_SYS_STAT_H
# include <sys/stat.h>
#endif
#if STDC_HEADERS
# include <stdlib.h>
# include <stddef.h>
#else
# if HAVE_STDLIB_H
#  include <stdlib.h>
# endif
#endif
#if HAVE_STRING_H
# if !STDC_HEADERS && HAVE_MEMORY_H
#  include <memory.h>
# endif
# include <string.h>
#endif
#if HAVE_STRINGS_H
# include <strings.h>
#endif
#if HAVE_INTTYPES_H
# include <inttypes.h>
#else
# if HAVE_STDINT_H
#  include <stdint.h>
# endif
#endif
#if HAVE_UNISTD_H
# include <unistd.h>
#endif
#include <vfork.h>
configure:3703: result: no
configure:3707: checking vfork.h presence
configure:3714: gcc -E  conftest.c
configure:3710:19: vfork.h: No such file or directory
configure:3720: $? = 1
configure: failed program was:
#line 3709 "configure"
#include "confdefs.h"
#include <vfork.h>
configure:3738: result: no
configure:3756: checking for vfork.h
configure:3763: result: no
configure:3781: checking for fork
configure:3824: gcc -o conftest -g -O2   conftest.c  >&5
configure:3827: $? = 0
configure:3830: test -s conftest
configure:3833: $? = 0
configure:3843: result: yes
configure:3781: checking for vfork
configure:3824: gcc -o conftest -g -O2   conftest.c  >&5
configure:3827: $? = 0
configure:3830: test -s conftest
configure:3833: $? = 0
configure:3843: result: yes
configure:3855: checking for working fork
configure:3899: result: yes
configure:3918: checking for working vfork
configure:4045: result: yes
configure:4077: checking whether gcc needs -traditional
configure:4100:20: termio.h: No such file or directory
configure:4113: result: no
configure:4125: checking for stdlib.h
configure:4130: result: yes
configure:4234: checking for working malloc
configure:4266: gcc -o conftest -g -O2   conftest.c  >&5
configure:4269: $? = 0
configure:4271: ./conftest
configure:4274: $? = 0
configure:4287: result: yes
configure:4297: checking return type of signal handlers
configure:4331: gcc -c -g -O2  conftest.c >&5
configure:4334: $? = 0
configure:4337: test -s conftest.o
configure:4340: $? = 0
configure:4350: result: void
configure:4358: checking whether lstat dereferences a symlink specified with a trailing slash
configure:4392: gcc -o conftest -g -O2   conftest.c  >&5
configure:4395: $? = 0
configure:4397: ./conftest
configure:4400: $? = 1
configure: program exited with status 1
configure: failed program was:
#line 4369 "configure"
#include "confdefs.h"
#include <stdio.h>
#if HAVE_SYS_TYPES_H
# include <sys/types.h>
#endif
#if HAVE_SYS_STAT_H
# include <sys/stat.h>
#endif
#if STDC_HEADERS
# include <stdlib.h>
# include <stddef.h>
#else
# if HAVE_STDLIB_H
#  include <stdlib.h>
# endif
#endif
#if HAVE_STRING_H
# if !STDC_HEADERS && HAVE_MEMORY_H
#  include <memory.h>
# endif
# include <string.h>
#endif
#if HAVE_STRINGS_H
# include <strings.h>
#endif
#if HAVE_INTTYPES_H
# include <inttypes.h>
#else
# if HAVE_STDINT_H
#  include <stdint.h>
# endif
#endif
#if HAVE_UNISTD_H
# include <unistd.h>
#endif
#ifdef F77_DUMMY_MAIN
#  ifdef __cplusplus
     extern "C"
#  endif
   int F77_DUMMY_MAIN() { return 1; }
#endif
int
main ()
{
struct stat sbuf;
     /* Linux will dereference the symlink and fail.
        That is better in the sense that it means we will not
        have to compile and use the lstat wrapper.  */
     exit (lstat ("conftest.sym/", &sbuf) ? 0 : 1);
  ;
  return 0;
}
configure:4420: result: no
configure:4434: checking whether stat accepts an empty string
configure:4462: gcc -o conftest -g -O2   conftest.c  >&5
configure:4465: $? = 0
configure:4467: ./conftest
configure:4470: $? = 1
configure: program exited with status 1
configure: failed program was:
#line 4442 "configure"
#include "confdefs.h"
#include <stdio.h>
#if HAVE_SYS_TYPES_H
# include <sys/types.h>
#endif
#if HAVE_SYS_STAT_H
# include <sys/stat.h>
#endif
#if STDC_HEADERS
# include <stdlib.h>
# include <stddef.h>
#else
# if HAVE_STDLIB_H
#  include <stdlib.h>
# endif
#endif
#if HAVE_STRING_H
# if !STDC_HEADERS && HAVE_MEMORY_H
#  include <memory.h>
# endif
# include <string.h>
#endif
#if HAVE_STRINGS_H
# include <strings.h>
#endif
#if HAVE_INTTYPES_H
# include <inttypes.h>
#else
# if HAVE_STDINT_H
#  include <stdint.h>
# endif
#endif
#if HAVE_UNISTD_H
# include <unistd.h>
#endif
#ifdef F77_DUMMY_MAIN
#  ifdef __cplusplus
     extern "C"
#  endif
   int F77_DUMMY_MAIN() { return 1; }
#endif
int
main ()
{
struct stat sbuf;
  exit (stat ("", &sbuf) ? 1 : 0);
  ;
  return 0;
}
configure:4483: result: no
configure:4507: checking for alarm
configure:4550: gcc -o conftest -g -O2   conftest.c  >&5
configure:4553: $? = 0
configure:4556: test -s conftest
configure:4559: $? = 0
configure:4569: result: yes
configure:4507: checking for gettimeofday
configure:4550: gcc -o conftest -g -O2   conftest.c  >&5
configure:4553: $? = 0
configure:4556: test -s conftest
configure:4559: $? = 0
configure:4569: result: yes
configure:4507: checking for memset
configure:4550: gcc -o conftest -g -O2   conftest.c  >&5
configure:4522: warning: conflicting types for built-in function 'memset'
configure:4553: $? = 0
configure:4556: test -s conftest
configure:4559: $? = 0
configure:4569: result: yes
configure:4507: checking for select
configure:4550: gcc -o conftest -g -O2   conftest.c  >&5
configure:4553: $? = 0
configure:4556: test -s conftest
configure:4559: $? = 0
configure:4569: result: yes
configure:4507: checking for socket
configure:4550: gcc -o conftest -g -O2   conftest.c  >&5
configure:4553: $? = 0
configure:4556: test -s conftest
configure:4559: $? = 0
configure:4569: result: yes
configure:4507: checking for strcasecmp
configure:4550: gcc -o conftest -g -O2   conftest.c  >&5
configure:4553: $? = 0
configure:4556: test -s conftest
configure:4559: $? = 0
configure:4569: result: yes
configure:4507: checking for strdup
configure:4550: gcc -o conftest -g -O2   conftest.c  >&5
configure:4522: warning: conflicting types for built-in function 'strdup'
configure:4553: $? = 0
configure:4556: test -s conftest
configure:4559: $? = 0
configure:4569: result: yes
configure:4507: checking for strtol
configure:4550: gcc -o conftest -g -O2   conftest.c  >&5
configure:4553: $? = 0
configure:4556: test -s conftest
configure:4559: $? = 0
configure:4569: result: yes
configure:4507: checking for strtoul
configure:4550: gcc -o conftest -g -O2   conftest.c  >&5
configure:4553: $? = 0
configure:4556: test -s conftest
configure:4559: $? = 0
configure:4569: result: yes
configure:4507: checking for uname
configure:4550: gcc -o conftest -g -O2   conftest.c  >&5
configure:4553: $? = 0
configure:4556: test -s conftest
configure:4559: $? = 0
configure:4569: result: yes
configure:4693: creating ./config.status

## ---------------------- ##
## Running config.status. ##
## ---------------------- ##

This file was extended by eciadsl-usermode config.status 0.10, which was
generated by GNU Autoconf 2.53.  Invocation command line was

  CONFIG_FILES    = 
  CONFIG_HEADERS  = 
  CONFIG_LINKS    = 
  CONFIG_COMMANDS = 
  $ ./config.status 

on racoon.local.net

config.status:555: creating Makefile

## ---------------- ##
## Cache variables. ##
## ---------------- ##

ac_cv_c_compiler_gnu=yes
ac_cv_c_const=yes
ac_cv_env_CC_set=
ac_cv_env_CC_value=
ac_cv_env_CFLAGS_set=
ac_cv_env_CFLAGS_value=
ac_cv_env_CPPFLAGS_set=
ac_cv_env_CPPFLAGS_value=
ac_cv_env_CPP_set=
ac_cv_env_CPP_value=
ac_cv_env_LDFLAGS_set=
ac_cv_env_LDFLAGS_value=
ac_cv_env_build_alias_set=
ac_cv_env_build_alias_value=
ac_cv_env_host_alias_set=
ac_cv_env_host_alias_value=
ac_cv_env_target_alias_set=
ac_cv_env_target_alias_value=
ac_cv_exeext=
ac_cv_func_alarm=yes
ac_cv_func_fork=yes
ac_cv_func_fork_works=yes
ac_cv_func_gettimeofday=yes
ac_cv_func_lstat_dereferences_slashed_symlink=no
ac_cv_func_malloc_works=yes
ac_cv_func_memset=yes
ac_cv_func_select=yes
ac_cv_func_socket=yes
ac_cv_func_stat_empty_string_bug=no
ac_cv_func_strcasecmp=yes
ac_cv_func_strdup=yes
ac_cv_func_strtol=yes
ac_cv_func_strtoul=yes
ac_cv_func_uname=yes
ac_cv_func_vfork=yes
ac_cv_func_vfork_works=yes
ac_cv_header_dirent_dirent_h=yes
ac_cv_header_fcntl_h=yes
ac_cv_header_inttypes_h=yes
ac_cv_header_limits_h=yes
ac_cv_header_memory_h=yes
ac_cv_header_pusb_h=yes
ac_cv_header_stdc=yes
ac_cv_header_stdint_h=yes
ac_cv_header_stdlib_h=yes
ac_cv_header_string_h=yes
ac_cv_header_strings_h=yes
ac_cv_header_sys_ioctl_h=yes
ac_cv_header_sys_socket_h=yes
ac_cv_header_sys_stat_h=yes
ac_cv_header_sys_time_h=yes
ac_cv_header_sys_types_h=yes
ac_cv_header_sys_wait_h=yes
ac_cv_header_termios_h=yes
ac_cv_header_time=yes
ac_cv_header_unistd_h=yes
ac_cv_header_vfork_h=no
ac_cv_lib_pusb_pusb_endpoint_open=yes
ac_cv_objext=o
ac_cv_prog_AWK=nawk
ac_cv_prog_CPP='gcc -E'
ac_cv_prog_ac_ct_CC=gcc
ac_cv_prog_cc_g=yes
ac_cv_prog_cc_stdc=
ac_cv_prog_gcc_traditional=no
ac_cv_prog_make_make_set=yes
ac_cv_search_opendir='none required'
ac_cv_type_pid_t=yes
ac_cv_type_signal=void
ac_cv_type_size_t=yes

## ----------- ##
## confdefs.h. ##
## ----------- ##

#define PACKAGE_NAME "eciadsl-usermode"
#define PACKAGE_TARNAME "eciadsl-usermode"
#define PACKAGE_VERSION "0.10"
#define PACKAGE_STRING "eciadsl-usermode 0.10"
#define PACKAGE_BUGREPORT "eci@ml.free.fr"
#define STDC_HEADERS 1
#define HAVE_SYS_TYPES_H 1
#define HAVE_SYS_STAT_H 1
#define HAVE_STDLIB_H 1
#define HAVE_STRING_H 1
#define HAVE_MEMORY_H 1
#define HAVE_STRINGS_H 1
#define HAVE_INTTYPES_H 1
#define HAVE_STDINT_H 1
#define HAVE_UNISTD_H 1
#define HAVE_LIBPUSB 1
#define HAVE_DIRENT_H 1
#define STDC_HEADERS 1
#define HAVE_SYS_WAIT_H 1
#define HAVE_FCNTL_H 1
#define HAVE_LIMITS_H 1
#define HAVE_STDLIB_H 1
#define HAVE_STRING_H 1
#define HAVE_SYS_IOCTL_H 1
#define HAVE_SYS_SOCKET_H 1
#define HAVE_SYS_TIME_H 1
#define HAVE_TERMIOS_H 1
#define HAVE_UNISTD_H 1
#define TIME_WITH_SYS_TIME 1
#define HAVE_UNISTD_H 1
#define HAVE_FORK 1
#define HAVE_VFORK 1
#define HAVE_WORKING_VFORK 1
#define HAVE_WORKING_FORK 1
#define HAVE_STDLIB_H 1
#define HAVE_MALLOC 1
#define RETSIGTYPE void
#define HAVE_ALARM 1
#define HAVE_GETTIMEOFDAY 1
#define HAVE_MEMSET 1
#define HAVE_SELECT 1
#define HAVE_SOCKET 1
#define HAVE_STRCASECMP 1
#define HAVE_STRDUP 1
#define HAVE_STRTOL 1
#define HAVE_STRTOUL 1
#define HAVE_UNAME 1

configure: exit 0
