This file contains any messages produced by compilers while
running configure, to aid debugging if configure makes a mistake.

It was created by libpusb configure 0.1, which was
generated by GNU Autoconf 2.52.  Invocation command line was

  $ ./configure 

## ---------- ##
## Platform.  ##
## ---------- ##

hostname = racoon.local.net
uname -m = i386
uname -r = 5.4-RC3
uname -s = FreeBSD
uname -v = FreeBSD 5.4-RC3 #0: Sun Apr 17 09:23:46 UTC 2005     root@harlow.cse.buffalo.edu:/usr/obj/usr/src/sys/GENERIC 

/usr/bin/uname -p = i386
/bin/uname -X     = unknown

/bin/arch              = unknown
/usr/bin/arch -k       = unknown
/usr/convex/getsysinfo = unknown
hostinfo               = unknown
/bin/machine           = unknown
/usr/bin/oslevel       = unknown
/bin/universe          = unknown

PATH = /usr/local/linux-blackdown-jdk1.4.2/bin:/sbin:/bin:/usr/sbin:/usr/bin:/usr/games:/usr/local/sbin:/usr/local/bin:/usr/X11R6/bin:/home/nuno/bin

## ------------ ##
## Core tests.  ##
## ------------ ##

configure:911: PATH=".;."; conftest.sh
conftest.sh: not found
configure:914: $? = 127
configure:966: checking for gcc
configure:981: found /usr/bin/gcc
configure:989: result: gcc
configure:1217: checking for C compiler version
configure:1220: gcc --version </dev/null >&5
gcc (GCC) 3.4.2 [FreeBSD] 20040728
Copyright (C) 2004 Free Software Foundation, Inc.
This is free software; see the source for copying conditions.  There is NO
warranty; not even for MERCHANTABILITY or FITNESS FOR A PARTICULAR PURPOSE.

configure:1223: $? = 0
configure:1225: gcc -v </dev/null >&5
Using built-in specs.
Configured with: FreeBSD/i386 system compiler
Thread model: posix
gcc version 3.4.2 [FreeBSD] 20040728
configure:1228: $? = 0
configure:1230: gcc -V </dev/null >&5
gcc: `-V' option must have argument
configure:1233: $? = 1
configure:1253: checking for C compiler default output
configure:1256: gcc    conftest.c  >&5
configure:1259: $? = 0
configure:1288: result: a.out
configure:1293: checking whether the C compiler works
configure:1299: ./a.out
configure:1302: $? = 0
configure:1317: result: yes
configure:1324: checking whether we are cross compiling
configure:1326: result: no
configure:1329: checking for executable suffix
configure:1331: gcc -o conftest    conftest.c  >&5
configure:1334: $? = 0
configure:1356: result: 
configure:1362: checking for object suffix
configure:1380: gcc -c   conftest.c >&5
configure:1383: $? = 0
configure:1402: result: o
configure:1406: checking whether we are using the GNU C compiler
configure:1427: gcc -c   conftest.c >&5
configure:1430: $? = 0
configure:1433: test -s conftest.o
configure:1436: $? = 0
configure:1448: result: yes
configure:1454: checking whether gcc accepts -g
configure:1472: gcc -c -g  conftest.c >&5
configure:1475: $? = 0
configure:1478: test -s conftest.o
configure:1481: $? = 0
configure:1491: result: yes
configure:1518: gcc -c -g -O2  conftest.c >&5
conftest.c:2: error: syntax error before "me"
configure:1521: $? = 1
configure: failed program was:
#ifndef __cplusplus
  choke me
#endif
configure:1729: creating ./config.status

## ----------------------- ##
## Running config.status.  ##
## ----------------------- ##

This file was extended by config.status (libpusb 0.1) 2.52, executed with
  CONFIG_FILES    = 
  CONFIG_HEADERS  = 
  CONFIG_LINKS    = 
  CONFIG_COMMANDS = 
  > ./config.status 
on racoon.local.net

config.status:2147: creating Makefile

## ----------------- ##
## Cache variables.  ##
## ----------------- ##

ac_cv_prog_cc_g=yes
ac_cv_env_LDFLAGS_set=
ac_cv_c_compiler_gnu=yes
ac_cv_env_CFLAGS_set=
ac_cv_env_CPPFLAGS_set=
ac_cv_env_host_alias_set=
ac_cv_env_build_alias_set=
ac_cv_env_LDFLAGS_value=
ac_cv_env_target_alias_set=
ac_cv_env_CFLAGS_value=
ac_cv_env_CC_set=
ac_cv_env_CPPFLAGS_value=
ac_cv_env_host_alias_value=
ac_cv_env_build_alias_value=
ac_cv_prog_ac_ct_CC=gcc
ac_cv_env_target_alias_value=
ac_cv_env_CC_value=
ac_cv_objext=o


configure: exit 0
